::1 - - [29/Apr/2024:22:04:03 +0000] "GET /test HTTP/1.1" 500 1172
::1 - - [29/Apr/2024:22:04:04 +0000] "GET /test HTTP/1.1" 500 1172
::1 - - [04/May/2024:18:29:21 +0000] "GET /api/taches/liste HTTP/1.1" 500 1325
::1 - - [04/May/2024:18:34:27 +0000] "GET /api/taches/liste HTTP/1.1" 500 1323
::1 - - [04/May/2024:18:37:25 +0000] "GET /api/taches/liste HTTP/1.1" 500 1301
::1 - - [04/May/2024:18:37:55 +0000] "GET /api/taches/liste HTTP/1.1" 500 1323
::1 - - [04/May/2024:18:41:37 +0000] "GET /api/taches/liste HTTP/1.1" 500 1301
::1 - - [04/May/2024:18:57:33 +0000] "GET /api/taches/liste HTTP/1.1" 500 59
::1 - - [04/May/2024:18:57:53 +0000] "GET /api/taches/liste HTTP/1.1" 500 59
::1 - - [04/May/2024:18:57:56 +0000] "GET /api/taches/liste HTTP/1.1" 500 59
::1 - - [04/May/2024:19:01:29 +0000] "GET /api/taches/liste HTTP/1.1" 500 1299
::1 - - [04/May/2024:21:29:54 +0000] "GET /api/taches/liste HTTP/1.1" 500 59
::1 - - [04/May/2024:21:30:32 +0000] "GET /api/taches/liste HTTP/1.1" 500 59
::1 - - [04/May/2024:22:16:33 +0000] "POST /api/taches HTTP/1.1" 500 65
::1 - - [04/May/2024:22:23:49 +0000] "POST /api/taches HTTP/1.1" 500 65
::1 - - [04/May/2024:22:23:57 +0000] "POST /api/taches HTTP/1.1" 500 65
::1 - - [04/May/2024:22:25:51 +0000] "POST /api/taches HTTP/1.1" 500 65
::1 - - [04/May/2024:22:31:39 +0000] "POST /api/taches HTTP/1.1" 500 65
::1 - - [04/May/2024:22:31:53 +0000] "POST /api/taches HTTP/1.1" 500 65
::1 - - [04/May/2024:22:32:36 +0000] "POST /api/taches HTTP/1.1" 500 65
::1 - - [04/May/2024:23:16:22 +0000] "POST /api/taches HTTP/1.1" 500 65
::1 - - [04/May/2024:23:16:51 +0000] "POST /api/taches HTTP/1.1" 500 65
::1 - - [04/May/2024:23:17:26 +0000] "POST /api/taches HTTP/1.1" 500 65
::1 - - [04/May/2024:23:25:34 +0000] "POST /api/taches HTTP/1.1" 500 65
::1 - - [04/May/2024:23:52:40 +0000] "GET /api/taches/liste HTTP/1.1" 500 1307
::1 - - [05/May/2024:00:07:17 +0000] "POST /api/taches HTTP/1.1" 500 65
::1 - - [05/May/2024:00:39:11 +0000] "POST /api/taches HTTP/1.1" 500 65
::1 - - [05/May/2024:00:46:02 +0000] "POST /api/taches HTTP/1.1" 500 65
::1 - - [05/May/2024:18:25:43 +0000] "PUT /api/taches/statut/10 HTTP/1.1" 500 73
::1 - - [05/May/2024:18:56:02 +0000] "GET /api/taches/1 HTTP/1.1" 500 60
::1 - - [05/May/2024:19:52:01 +0000] "DELETE /api/taches/8 HTTP/1.1" 500 74
::1 - - [06/May/2024:19:41:43 +0000] "PUT /api/taches/soustache/5 HTTP/1.1" 500 64
::1 - - [06/May/2024:19:48:59 +0000] "DELETE /api/taches/soustache/5 HTTP/1.1" 500 1314
::1 - - [06/May/2024:19:50:01 +0000] "DELETE /api/taches/soustache/5 HTTP/1.1" 500 1302
::1 - - [06/May/2024:20:00:42 +0000] "POST /api/utilisateur/ajouter HTTP/1.1" 500 65
::1 - - [06/May/2024:20:01:52 +0000] "POST /api/utilisateur/ajouter HTTP/1.1" 500 67
::1 - - [06/May/2024:20:07:06 +0000] "POST /api/utilisateur/ajouter HTTP/1.1" 500 67
::1 - - [06/May/2024:20:17:16 +0000] "POST /api/utilisateur/ajouter HTTP/1.1" 500 67
::1 - - [06/May/2024:20:17:52 +0000] "POST /api/utilisateur/ajouter HTTP/1.1" 500 67
::1 - - [06/May/2024:20:21:35 +0000] "POST /api/utilisateur/ajouter HTTP/1.1" 500 67
::1 - - [06/May/2024:20:39:52 +0000] "POST /api/utilisateur/ajouter HTTP/1.1" 500 67
::1 - - [06/May/2024:20:40:54 +0000] "POST /api/utilisateur/ajouter HTTP/1.1" 500 67
::1 - - [06/May/2024:20:47:56 +0000] "POST /api/utilisateur/ajouter HTTP/1.1" 500 67
::1 - - [06/May/2024:20:53:45 +0000] "POST /api/utilisateur/ajouter HTTP/1.1" 500 67
::1 - - [06/May/2024:20:59:51 +0000] "POST /api/utilisateur/ajouter HTTP/1.1" 500 67
::1 - - [06/May/2024:21:02:08 +0000] "PUT /api/utilisateur/cle HTTP/1.1" 500 1347
::1 - - [06/May/2024:21:03:23 +0000] "PUT /api/utilisateur/cle HTTP/1.1" 500 1347
::1 - - [06/May/2024:21:04:11 +0000] "PUT /api/utilisateur/cle HTTP/1.1" 500 65
